<?xml version="1.0" encoding="UTF-8"?>
<!-- Generated by org.testng.reporters.JUnitReportReporter -->
<testsuite hostname="DESKTOP-RUFNOHN" failures="0" tests="2" name="SnapDoc.snap.Logintest" time="12.095" errors="0" timestamp="2023-05-12T13:12:11 IST" skipped="0">
  <testcase classname="SnapDoc.snap.Logintest" name="Logins" time="0.435"/>
  <system-out/>
  <testcase classname="SnapDoc.snap.Logintest" name="loginsnapdoc2" time="11.660"/>
  <system-out/>
</testsuite> <!-- SnapDoc.snap.Logintest -->
