<?xml version="1.0" encoding="UTF-8"?>
<!-- Generated by org.testng.reporters.JUnitReportReporter -->
<testsuite hostname="DESKTOP-L0BU6G4" failures="0" tests="1" name="SnapDoc.snap.Justificationstest" time="7.142" errors="0" timestamp="2023-05-11T11:36:46 IST" skipped="0">
  <testcase classname="SnapDoc.snap.Justificationstest" name="organization" time="7.142"/>
  <system-out/>
</testsuite> <!-- SnapDoc.snap.Justificationstest -->
