<?xml version="1.0" encoding="UTF-8"?>
<!-- Generated by org.testng.reporters.JUnitReportReporter -->
<testsuite hostname="DESKTOP-RUFNOHN" failures="0" tests="3" name="SnapDoc.snap.Type4Test" time="13.482" errors="0" timestamp="2023-06-14T17:24:41 IST" skipped="0">
  <testcase classname="SnapDoc.snap.Type4Test" name="loginsnapdoc2" time="6.727"/>
  <system-out/>
  <testcase classname="SnapDoc.snap.Type4Test" name="Analytical" time="4.997"/>
  <system-out/>
  <testcase classname="SnapDoc.snap.Type4Test" name="Status" time="1.758"/>
  <system-out/>
</testsuite> <!-- SnapDoc.snap.Type4Test -->
