<?xml version="1.0" encoding="UTF-8"?>
<!-- Generated by org.testng.reporters.JUnitReportReporter -->
<testsuite hostname="DESKTOP-RUFNOHN" failures="0" tests="9" name="SnapDoc.snap.WithChangeTest11" time="249.585" errors="0" timestamp="2023-07-03T12:48:37 IST" skipped="0">
  <testcase classname="SnapDoc.snap.WithChangeTest11" name="loginsnapdoc2" time="7.160"/>
  <system-out/>
  <testcase classname="SnapDoc.snap.WithChangeTest11" name="Analytical" time="5.520"/>
  <system-out/>
  <testcase classname="SnapDoc.snap.WithChangeTest11" name="Docinfos" time="37.679"/>
  <system-out/>
  <testcase classname="SnapDoc.snap.WithChangeTest11" name="NONsignatory" time="6.415"/>
  <system-out/>
  <testcase classname="SnapDoc.snap.WithChangeTest11" name="Nonsignatoryapprove" time="29.465"/>
  <system-out/>
  <testcase classname="SnapDoc.snap.WithChangeTest11" name="Reviewerlogins" time="6.314"/>
  <system-out/>
  <testcase classname="SnapDoc.snap.WithChangeTest11" name="Reviewer1Approves" time="59.146"/>
  <system-out/>
  <testcase classname="SnapDoc.snap.WithChangeTest11" name="Approverlogins" time="6.384"/>
  <system-out/>
  <testcase classname="SnapDoc.snap.WithChangeTest11" name="Approver1Approves" time="91.502"/>
  <system-out/>
</testsuite> <!-- SnapDoc.snap.WithChangeTest11 -->
