<?xml version="1.0" encoding="UTF-8"?>
<!-- Generated by org.testng.reporters.JUnitReportReporter -->
<testsuite hostname="DESKTOP-RUFNOHN" failures="0" tests="3" name="SnapDoc.snap.ResubmissionTest" time="92.653" errors="0" timestamp="2023-09-01T09:43:08 IST" skipped="0">
  <testcase classname="SnapDoc.snap.ResubmissionTest" name="loginsnapdoc2" time="6.575"/>
  <testcase classname="SnapDoc.snap.ResubmissionTest" name="Analytical" time="5.324"/>
  <testcase classname="SnapDoc.snap.ResubmissionTest" name="initiate" time="80.754"/>
</testsuite> <!-- SnapDoc.snap.ResubmissionTest -->
