<?xml version="1.0" encoding="UTF-8"?>
<!-- Generated by org.testng.reporters.JUnitReportReporter -->
<testsuite hostname="DESKTOP-RUFNOHN" failures="0" tests="2" name="SnapDoc.snap.WithChangeTest12" time="104.039" errors="0" timestamp="2023-07-04T12:28:59 IST" skipped="0">
  <testcase classname="SnapDoc.snap.WithChangeTest12" name="Reviewerlogins" time="6.246"/>
  <system-out/>
  <testcase classname="SnapDoc.snap.WithChangeTest12" name="Reviewer1Approves" time="97.793"/>
  <system-out/>
</testsuite> <!-- SnapDoc.snap.WithChangeTest12 -->
