<?xml version="1.0" encoding="UTF-8"?>
<!-- Generated by org.testng.reporters.JUnitReportReporter -->
<testsuite hostname="DESKTOP-RUFNOHN" failures="0" tests="3" name="SnapDoc.snap.Scenariostest1" time="49.841" errors="0" timestamp="2023-06-12T17:09:14 IST" skipped="0">
  <testcase classname="SnapDoc.snap.Scenariostest1" name="loginsnapdoc2" time="6.536"/>
  <system-out/>
  <testcase classname="SnapDoc.snap.Scenariostest1" name="Classificationss" time="5.015"/>
  <system-out/>
  <testcase classname="SnapDoc.snap.Scenariostest1" name="changecontrol1" time="38.290"/>
  <system-out/>
</testsuite> <!-- SnapDoc.snap.Scenariostest1 -->
