<?xml version="1.0" encoding="UTF-8"?>
<!-- Generated by org.testng.reporters.JUnitReportReporter -->
<testsuite hostname="DESKTOP-RUFNOHN" failures="0" tests="4" name="SnapDoc.snap.initiate1scenarioTest" time="78.562" errors="0" timestamp="2023-06-07T10:08:25 IST" skipped="0">
  <testcase classname="SnapDoc.snap.initiate1scenarioTest" name="loginsnapdoc2" time="6.103"/>
  <system-out/>
  <testcase classname="SnapDoc.snap.initiate1scenarioTest" name="Analytical" time="4.890"/>
  <system-out/>
  <testcase classname="SnapDoc.snap.initiate1scenarioTest" name="initiate1" time="20.088"/>
  <system-out/>
  <testcase classname="SnapDoc.snap.initiate1scenarioTest" name="initiate2" time="47.481"/>
  <system-out/>
</testsuite> <!-- SnapDoc.snap.initiate1scenarioTest -->
