<?xml version="1.0" encoding="UTF-8"?>
<!-- Generated by org.testng.reporters.JUnitReportReporter -->
<testsuite hostname="DESKTOP-RUFNOHN" failures="0" tests="2" name="SnapDoc.snap.Usertest" time="278.394" errors="0" timestamp="2023-05-25T12:32:56 IST" skipped="0">
  <testcase classname="SnapDoc.snap.Usertest" name="loginsnapdoc2" time="8.499"/>
  <system-out/>
  <testcase classname="SnapDoc.snap.Usertest" name="user" time="269.895"/>
  <system-out/>
</testsuite> <!-- SnapDoc.snap.Usertest -->
