<?xml version="1.0" encoding="UTF-8"?>
<!-- Generated by org.testng.reporters.JUnitReportReporter -->
<testsuite hostname="DESKTOP-RUFNOHN" failures="0" tests="3" name="SnapDoc.snap.Typetext" time="100.638" errors="0" timestamp="2023-06-16T16:39:22 IST" skipped="0">
  <testcase classname="SnapDoc.snap.Typetext" name="loginsnapdoc2" time="8.485"/>
  <system-out/>
  <testcase classname="SnapDoc.snap.Typetext" name="Classificationss" time="5.253"/>
  <system-out/>
  <testcase classname="SnapDoc.snap.Typetext" name="Typecreation" time="86.900"/>
  <system-out/>
</testsuite> <!-- SnapDoc.snap.Typetext -->
