<?xml version="1.0" encoding="UTF-8"?>
<!-- Generated by org.testng.reporters.JUnitReportReporter -->
<testsuite hostname="DESKTOP-RUFNOHN" failures="0" tests="4" name="SnapDoc.snap.Type2test" time="32.504" errors="0" timestamp="2023-06-15T14:50:58 IST" skipped="0">
  <testcase classname="SnapDoc.snap.Type2test" name="loginsnapdoc2" time="6.342"/>
  <system-out/>
  <testcase classname="SnapDoc.snap.Type2test" name="Classificationss" time="5.079"/>
  <system-out/>
  <testcase classname="SnapDoc.snap.Type2test" name="Analytical" time="4.898"/>
  <system-out/>
  <testcase classname="SnapDoc.snap.Type2test" name="Typecreations1" time="16.185"/>
  <system-out/>
</testsuite> <!-- SnapDoc.snap.Type2test -->
