<?xml version="1.0" encoding="UTF-8"?>
<!-- Generated by org.testng.reporters.JUnitReportReporter -->
<testsuite hostname="DESKTOP-RUFNOHN" failures="0" tests="3" name="SnapDoc.snap.Scenariotest2" time="111.612" errors="0" timestamp="2023-06-08T11:38:40 IST" skipped="0">
  <testcase classname="SnapDoc.snap.Scenariotest2" name="loginsnapdoc2" time="6.181"/>
  <system-out/>
  <testcase classname="SnapDoc.snap.Scenariotest2" name="Classificationss" time="4.995"/>
  <system-out/>
  <testcase classname="SnapDoc.snap.Scenariotest2" name="Changeneeded" time="100.436"/>
  <system-out/>
</testsuite> <!-- SnapDoc.snap.Scenariotest2 -->
