<?xml version="1.0" encoding="UTF-8"?>
<!-- Generated by org.testng.reporters.JUnitReportReporter -->
<testsuite hostname="DESKTOP-RUFNOHN" failures="0" tests="9" name="SnapDoc.snap.WithchangeTest8" time="392.074" errors="0" timestamp="2023-07-03T10:33:13 IST" skipped="0">
  <testcase classname="SnapDoc.snap.WithchangeTest8" name="loginsnapdoc2" time="8.602"/>
  <system-out/>
  <testcase classname="SnapDoc.snap.WithchangeTest8" name="Analytical" time="6.685"/>
  <system-out/>
  <testcase classname="SnapDoc.snap.WithchangeTest8" name="Docinfos" time="47.661"/>
  <system-out/>
  <testcase classname="SnapDoc.snap.WithchangeTest8" name="NONsignatory" time="7.372"/>
  <system-out/>
  <testcase classname="SnapDoc.snap.WithchangeTest8" name="Nonsignatoryapprove" time="36.822"/>
  <system-out/>
  <testcase classname="SnapDoc.snap.WithchangeTest8" name="Reviewerlogins" time="7.219"/>
  <system-out/>
  <testcase classname="SnapDoc.snap.WithchangeTest8" name="Reviewer1Approves" time="116.991"/>
  <system-out/>
  <testcase classname="SnapDoc.snap.WithchangeTest8" name="Approverlogins" time="7.807"/>
  <system-out/>
  <testcase classname="SnapDoc.snap.WithchangeTest8" name="Approver1Approves" time="152.915"/>
  <system-out/>
</testsuite> <!-- SnapDoc.snap.WithchangeTest8 -->
