<?xml version="1.0" encoding="UTF-8"?>
<!-- Generated by org.testng.reporters.JUnitReportReporter -->
<testsuite hostname="DESKTOP-RUFNOHN" failures="0" tests="3" name="SnapDoc.snap.Type3Test" time="69.388" errors="0" timestamp="2023-06-12T20:23:50 IST" skipped="0">
  <testcase classname="SnapDoc.snap.Type3Test" name="loginsnapdoc2" time="7.847"/>
  <system-out/>
  <testcase classname="SnapDoc.snap.Type3Test" name="Classificationss" time="5.280"/>
  <system-out/>
  <testcase classname="SnapDoc.snap.Type3Test" name="Typecreations" time="56.261"/>
  <system-out/>
</testsuite> <!-- SnapDoc.snap.Type3Test -->
