<?xml version="1.0" encoding="UTF-8"?>
<!-- Generated by org.testng.reporters.JUnitReportReporter -->
<testsuite hostname="DESKTOP-RUFNOHN" failures="0" tests="2" name="SnapDoc.snap.WithChangeAutoUserbasedtest" time="198.616" errors="0" timestamp="2023-06-28T17:41:02 IST" skipped="0">
  <testcase classname="SnapDoc.snap.WithChangeAutoUserbasedtest" name="Approverlogins" time="6.413"/>
  <system-out/>
  <testcase classname="SnapDoc.snap.WithChangeAutoUserbasedtest" name="Approver1Approves" time="192.203"/>
  <system-out/>
</testsuite> <!-- SnapDoc.snap.WithChangeAutoUserbasedtest -->
