<?xml version="1.0" encoding="UTF-8"?>
<!-- Generated by org.testng.reporters.JUnitReportReporter -->
<testsuite hostname="DESKTOP-RUFNOHN" failures="0" tests="6" name="SnapDoc.snap.WithChangeTest9" time="227.716" errors="0" timestamp="2023-07-03T11:35:25 IST" skipped="0">
  <testcase classname="SnapDoc.snap.WithChangeTest9" name="loginsnapdoc2" time="6.820"/>
  <system-out/>
  <testcase classname="SnapDoc.snap.WithChangeTest9" name="Analytical" time="5.490"/>
  <system-out/>
  <testcase classname="SnapDoc.snap.WithChangeTest9" name="controls" time="142.075"/>
  <system-out/>
  <testcase classname="SnapDoc.snap.WithChangeTest9" name="Docinfos" time="38.049"/>
  <system-out/>
  <testcase classname="SnapDoc.snap.WithChangeTest9" name="NONsignatory" time="6.346"/>
  <system-out/>
  <testcase classname="SnapDoc.snap.WithChangeTest9" name="Nonsignatoryapprove" time="28.936"/>
  <system-out/>
</testsuite> <!-- SnapDoc.snap.WithChangeTest9 -->
