<?xml version="1.0" encoding="UTF-8"?>
<!-- Generated by org.testng.reporters.JUnitReportReporter -->
<testsuite hostname="DESKTOP-RUFNOHN" failures="0" tests="64" name="SnapDoc.snap.iniciatetest" time="842.143" errors="0" timestamp="2023-06-16T17:23:44 IST" skipped="0">
  <testcase classname="SnapDoc.snap.iniciatetest" name="loginsnapdoc2" time="7.600"/>
  <system-out/>
  <testcase classname="SnapDoc.snap.iniciatetest" name="Analytical" time="6.658"/>
  <system-out/>
  <testcase classname="SnapDoc.snap.iniciatetest" name="iniciation" time="25.409"/>
  <system-out/>
  <testcase classname="SnapDoc.snap.iniciatetest" name="Statuss" time="5.290"/>
  <system-out/>
  <testcase classname="SnapDoc.snap.iniciatetest" name="Reviewer1Login" time="7.243"/>
  <system-out/>
  <testcase classname="SnapDoc.snap.iniciatetest" name="Revie" time="20.482"/>
  <system-out/>
  <testcase classname="SnapDoc.snap.iniciatetest" name="resubmit1" time="25.710"/>
  <system-out/>
  <testcase classname="SnapDoc.snap.iniciatetest" name="Reviewer1Login2" time="7.107"/>
  <system-out/>
  <testcase classname="SnapDoc.snap.iniciatetest" name="Approveds" time="16.848"/>
  <system-out/>
  <testcase classname="SnapDoc.snap.iniciatetest" name="Reviewer2login" time="7.348"/>
  <system-out/>
  <testcase classname="SnapDoc.snap.iniciatetest" name="Revie2" time="15.076"/>
  <system-out/>
  <testcase classname="SnapDoc.snap.iniciatetest" name="resubmit2" time="25.389"/>
  <system-out/>
  <testcase classname="SnapDoc.snap.iniciatetest" name="Reviewer1Login3" time="7.183"/>
  <system-out/>
  <testcase classname="SnapDoc.snap.iniciatetest" name="Approveds3" time="16.405"/>
  <system-out/>
  <testcase classname="SnapDoc.snap.iniciatetest" name="Reviewer2login2" time="7.308"/>
  <system-out/>
  <testcase classname="SnapDoc.snap.iniciatetest" name="Approveds2" time="15.034"/>
  <system-out/>
  <testcase classname="SnapDoc.snap.iniciatetest" name="Reviewer3login1" time="7.160"/>
  <system-out/>
  <testcase classname="SnapDoc.snap.iniciatetest" name="Revie3" time="15.626"/>
  <system-out/>
  <testcase classname="SnapDoc.snap.iniciatetest" name="resubmit3" time="34.701"/>
  <system-out/>
  <testcase classname="SnapDoc.snap.iniciatetest" name="Reviewer3Login2" time="7.285"/>
  <system-out/>
  <testcase classname="SnapDoc.snap.iniciatetest" name="Approved3s1" time="16.436"/>
  <system-out/>
  <testcase classname="SnapDoc.snap.iniciatetest" name="Reviewer3login2" time="7.235"/>
  <system-out/>
  <testcase classname="SnapDoc.snap.iniciatetest" name="Approved3s3" time="14.969"/>
  <system-out/>
  <testcase classname="SnapDoc.snap.iniciatetest" name="Reviewer3login3" time="7.105"/>
  <system-out/>
  <testcase classname="SnapDoc.snap.iniciatetest" name="Approved3s4" time="14.601"/>
  <system-out/>
  <testcase classname="SnapDoc.snap.iniciatetest" name="Approvar1" time="7.391"/>
  <system-out/>
  <testcase classname="SnapDoc.snap.iniciatetest" name="Approvalreview1" time="15.892"/>
  <system-out/>
  <testcase classname="SnapDoc.snap.iniciatetest" name="AdminResub" time="25.818"/>
  <system-out/>
  <testcase classname="SnapDoc.snap.iniciatetest" name="REVIEW1" time="7.272"/>
  <system-out/>
  <testcase classname="SnapDoc.snap.iniciatetest" name="REVIEW2" time="16.085"/>
  <system-out/>
  <testcase classname="SnapDoc.snap.iniciatetest" name="REVIEW4" time="7.420"/>
  <system-out/>
  <testcase classname="SnapDoc.snap.iniciatetest" name="REVIEW15" time="15.153"/>
  <system-out/>
  <testcase classname="SnapDoc.snap.iniciatetest" name="REVIEW16" time="7.054"/>
  <system-out/>
  <testcase classname="SnapDoc.snap.iniciatetest" name="REVIEW7" time="14.907"/>
  <system-out/>
  <testcase classname="SnapDoc.snap.iniciatetest" name="REVIEW8" time="7.626"/>
  <system-out/>
  <testcase classname="SnapDoc.snap.iniciatetest" name="REVIEW01" time="15.158"/>
  <system-out/>
  <testcase classname="SnapDoc.snap.iniciatetest" name="Approvel2" time="10.242"/>
  <system-out/>
  <testcase classname="SnapDoc.snap.iniciatetest" name="Approvalreview2" time="15.470"/>
  <system-out/>
  <testcase classname="SnapDoc.snap.iniciatetest" name="AdminResub2" time="25.620"/>
  <system-out/>
  <testcase classname="SnapDoc.snap.iniciatetest" name="REVIEW12" time="6.928"/>
  <system-out/>
  <testcase classname="SnapDoc.snap.iniciatetest" name="REVIEW22" time="16.328"/>
  <system-out/>
  <testcase classname="SnapDoc.snap.iniciatetest" name="REVIEW42" time="7.201"/>
  <system-out/>
  <testcase classname="SnapDoc.snap.iniciatetest" name="REVIEW152" time="15.656"/>
  <system-out/>
  <testcase classname="SnapDoc.snap.iniciatetest" name="REVIEW162" time="6.954"/>
  <system-out/>
  <testcase classname="SnapDoc.snap.iniciatetest" name="REVIEW72" time="14.678"/>
  <system-out/>
  <testcase classname="SnapDoc.snap.iniciatetest" name="REVIEW82" time="6.947"/>
  <system-out/>
  <testcase classname="SnapDoc.snap.iniciatetest" name="REVIEW02" time="15.075"/>
  <system-out/>
  <testcase classname="SnapDoc.snap.iniciatetest" name="Approvel5" time="10.002"/>
  <system-out/>
  <testcase classname="SnapDoc.snap.iniciatetest" name="Approved5" time="15.191"/>
  <system-out/>
  <testcase classname="SnapDoc.snap.iniciatetest" name="Approvel7" time="9.911"/>
  <system-out/>
  <testcase classname="SnapDoc.snap.iniciatetest" name="Approvalreview3" time="15.302"/>
  <system-out/>
  <testcase classname="SnapDoc.snap.iniciatetest" name="AdminResub3" time="25.427"/>
  <system-out/>
  <testcase classname="SnapDoc.snap.iniciatetest" name="REVIEW13" time="6.830"/>
  <system-out/>
  <testcase classname="SnapDoc.snap.iniciatetest" name="REVIEW23" time="15.646"/>
  <system-out/>
  <testcase classname="SnapDoc.snap.iniciatetest" name="REVIEW43" time="6.824"/>
  <system-out/>
  <testcase classname="SnapDoc.snap.iniciatetest" name="REVIEW153" time="15.116"/>
  <system-out/>
  <testcase classname="SnapDoc.snap.iniciatetest" name="REVIEW163" time="7.029"/>
  <system-out/>
  <testcase classname="SnapDoc.snap.iniciatetest" name="REVIEW73" time="16.410"/>
  <system-out/>
  <testcase classname="SnapDoc.snap.iniciatetest" name="REVIEW83" time="7.133"/>
  <system-out/>
  <testcase classname="SnapDoc.snap.iniciatetest" name="REVIEW03" time="14.693"/>
  <system-out/>
  <testcase classname="SnapDoc.snap.iniciatetest" name="Approvel3" time="10.038"/>
  <system-out/>
  <testcase classname="SnapDoc.snap.iniciatetest" name="Approved53" time="16.511"/>
  <system-out/>
  <testcase classname="SnapDoc.snap.iniciatetest" name="Approvel73" time="12.294"/>
  <system-out/>
  <testcase classname="SnapDoc.snap.iniciatetest" name="Approved54" time="15.703"/>
  <system-out/>
</testsuite> <!-- SnapDoc.snap.iniciatetest -->
