<?xml version="1.0" encoding="UTF-8"?>
<!-- Generated by org.testng.reporters.JUnitReportReporter -->
<testsuite hostname="DESKTOP-RUFNOHN" failures="0" tests="5" name="SnapDoc.snap.UserRolesTest" time="202.308" errors="0" timestamp="2023-05-24T11:31:06 IST" skipped="0">
  <testcase classname="SnapDoc.snap.UserRolesTest" name="loginsnapdoc2" time="7.302"/>
  <system-out/>
  <testcase classname="SnapDoc.snap.UserRolesTest" name="Userroles" time="28.015"/>
  <system-out/>
  <testcase classname="SnapDoc.snap.UserRolesTest" name="Accessgroups" time="3.162"/>
  <system-out/>
  <testcase classname="SnapDoc.snap.UserRolesTest" name="AccesspermissionS" time="5.874"/>
  <system-out/>
  <testcase classname="SnapDoc.snap.UserRolesTest" name="Designationss" time="157.955"/>
  <system-out/>
</testsuite> <!-- SnapDoc.snap.UserRolesTest -->
