<?xml version="1.0" encoding="UTF-8"?>
<!-- Generated by org.testng.reporters.JUnitReportReporter -->
<testsuite hostname="DESKTOP-RUFNOHN" failures="0" tests="8" name="SnapDoc.snap.WithChangeTest10" time="343.379" errors="0" timestamp="2023-07-03T12:11:59 IST" skipped="0">
  <testcase classname="SnapDoc.snap.WithChangeTest10" name="loginsnapdoc2" time="6.973"/>
  <system-out/>
  <testcase classname="SnapDoc.snap.WithChangeTest10" name="Analytical" time="5.650"/>
  <system-out/>
  <testcase classname="SnapDoc.snap.WithChangeTest10" name="controls" time="142.278"/>
  <system-out/>
  <testcase classname="SnapDoc.snap.WithChangeTest10" name="Docinfos" time="38.039"/>
  <system-out/>
  <testcase classname="SnapDoc.snap.WithChangeTest10" name="NONsignatory" time="6.701"/>
  <system-out/>
  <testcase classname="SnapDoc.snap.WithChangeTest10" name="Nonsignatoryapprove" time="28.738"/>
  <system-out/>
  <testcase classname="SnapDoc.snap.WithChangeTest10" name="Reviewerlogins" time="6.308"/>
  <system-out/>
  <testcase classname="SnapDoc.snap.WithChangeTest10" name="Reviewer1Approves" time="108.692"/>
  <system-out/>
</testsuite> <!-- SnapDoc.snap.WithChangeTest10 -->
