<?xml version="1.0" encoding="UTF-8"?>
<!-- Generated by org.testng.reporters.JUnitReportReporter -->
<testsuite hostname="DESKTOP-RUFNOHN" failures="0" tests="8" name="SnapDoc.snap.WithcahngeTest6" time="362.007" errors="0" timestamp="2023-06-30T12:55:32 IST" skipped="0">
  <testcase classname="SnapDoc.snap.WithcahngeTest6" name="loginsnapdoc2" time="7.759"/>
  <system-out/>
  <testcase classname="SnapDoc.snap.WithcahngeTest6" name="Classificationss" time="5.635"/>
  <system-out/>
  <testcase classname="SnapDoc.snap.WithcahngeTest6" name="withchange" time="100.945"/>
  <system-out/>
  <testcase classname="SnapDoc.snap.WithcahngeTest6" name="Analytical" time="6.211"/>
  <system-out/>
  <testcase classname="SnapDoc.snap.WithcahngeTest6" name="controls" time="152.158"/>
  <system-out/>
  <testcase classname="SnapDoc.snap.WithcahngeTest6" name="Docinfos" time="46.729"/>
  <system-out/>
  <testcase classname="SnapDoc.snap.WithcahngeTest6" name="NONsignatory" time="7.050"/>
  <system-out/>
  <testcase classname="SnapDoc.snap.WithcahngeTest6" name="Nonsignatoryapprove" time="35.520"/>
  <system-out/>
</testsuite> <!-- SnapDoc.snap.WithcahngeTest6 -->
