<?xml version="1.0" encoding="UTF-8"?>
<!-- Generated by org.testng.reporters.JUnitReportReporter -->
<testsuite hostname="DESKTOP-RUFNOHN" failures="0" tests="3" name="SnapDoc.snap.Type5Test" time="67.806" errors="0" timestamp="2023-06-12T21:01:11 IST" skipped="0">
  <testcase classname="SnapDoc.snap.Type5Test" name="loginsnapdoc2" time="8.223"/>
  <system-out/>
  <testcase classname="SnapDoc.snap.Type5Test" name="Classificationss" time="5.298"/>
  <system-out/>
  <testcase classname="SnapDoc.snap.Type5Test" name="Typecreations" time="54.285"/>
  <system-out/>
</testsuite> <!-- SnapDoc.snap.Type5Test -->
